<?xml version="1.0" encoding="UTF-8"?>
<!-- Generated by org.testng.reporters.JUnitReportReporter -->
<testsuite hostname="SarthakSyduAIO" failures="0" tests="5" name="com.tutorialsNinja.TestCases.LoginTest" time="22.779" errors="0" timestamp="2025-04-25T01:22:50 EDT" skipped="1">
  <testcase classname="com.tutorialsNinja.TestCases.LoginTest" name="verifyLoginWithValidEmailInvalidPassword" time="4.312"/>
  <testcase classname="com.tutorialsNinja.TestCases.LoginTest" name="verifyLoginWithInvalidEmailValidPassword" time="7.712"/>
  <testcase classname="com.tutorialsNinja.TestCases.LoginTest" name="verifyLoginWithInvalidCredentials" time="4.487"/>
  <testcase classname="com.tutorialsNinja.TestCases.LoginTest" name="verifyLoginWithNoCredentials" time="6.268"/>
  <testcase classname="com.tutorialsNinja.TestCases.LoginTest" name="verifyLoginWithValidCredentials">
    <skipped/>
  </testcase> <!-- verifyLoginWithValidCredentials -->
</testsuite> <!-- com.tutorialsNinja.TestCases.LoginTest -->
